<?xml version="1.0" encoding="UTF-8"?>
<coverage generated="1603741230861" clover="3.2.0">
  <project timestamp="1603741230861" name="All files">
    <metrics statements="38" coveredstatements="0" conditionals="21" coveredconditionals="0" methods="19" coveredmethods="0" elements="78" coveredelements="0" complexity="0" loc="38" ncloc="38" packages="2" files="4" classes="4"/>
    <package name="components">
      <metrics statements="2" coveredstatements="0" conditionals="0" coveredconditionals="0" methods="2" coveredmethods="0"/>
      <file name="Navbar.vue" path="C:\Dev\Tracky\tracky\components\Navbar.vue">
        <metrics statements="2" coveredstatements="0" conditionals="0" coveredconditionals="0" methods="2" coveredmethods="0"/>
        <line num="29" count="0" type="stmt"/>
        <line num="35" count="0" type="stmt"/>
      </file>
    </package>
    <package name="pages">
      <metrics statements="36" coveredstatements="0" conditionals="21" coveredconditionals="0" methods="17" coveredmethods="0"/>
      <file name="addworkout.vue" path="C:\Dev\Tracky\tracky\pages\addworkout.vue">
        <metrics statements="34" coveredstatements="0" conditionals="21" coveredconditionals="0" methods="15" coveredmethods="0"/>
        <line num="174" count="0" type="stmt"/>
        <line num="186" count="0" type="stmt"/>
        <line num="205" count="0" type="stmt"/>
        <line num="206" count="0" type="cond" truecount="0" falsecount="2"/>
        <line num="216" count="0" type="stmt"/>
        <line num="218" count="0" type="cond" truecount="0" falsecount="5"/>
        <line num="220" count="0" type="cond" truecount="0" falsecount="2"/>
        <line num="221" count="0" type="stmt"/>
        <line num="226" count="0" type="stmt"/>
        <line num="227" count="0" type="stmt"/>
        <line num="230" count="0" type="cond" truecount="0" falsecount="2"/>
        <line num="234" count="0" type="cond" truecount="0" falsecount="2"/>
        <line num="235" count="0" type="stmt"/>
        <line num="241" count="0" type="stmt"/>
        <line num="242" count="0" type="stmt"/>
        <line num="245" count="0" type="stmt"/>
        <line num="248" count="0" type="stmt"/>
        <line num="249" count="0" type="stmt"/>
        <line num="252" count="0" type="stmt"/>
        <line num="255" count="0" type="stmt"/>
        <line num="259" count="0" type="cond" truecount="0" falsecount="2"/>
        <line num="260" count="0" type="stmt"/>
        <line num="262" count="0" type="stmt"/>
        <line num="265" count="0" type="stmt"/>
        <line num="268" count="0" type="stmt"/>
        <line num="269" count="0" type="stmt"/>
        <line num="270" count="0" type="stmt"/>
        <line num="273" count="0" type="cond" truecount="0" falsecount="2"/>
        <line num="276" count="0" type="stmt"/>
        <line num="277" count="0" type="stmt"/>
        <line num="282" count="0" type="cond" truecount="0" falsecount="2"/>
        <line num="283" count="0" type="stmt"/>
        <line num="284" count="0" type="cond" truecount="0" falsecount="2"/>
        <line num="285" count="0" type="stmt"/>
      </file>
      <file name="index.vue" path="C:\Dev\Tracky\tracky\pages\index.vue">
        <metrics statements="1" coveredstatements="0" conditionals="0" coveredconditionals="0" methods="1" coveredmethods="0"/>
        <line num="33" count="0" type="stmt"/>
      </file>
      <file name="register.vue" path="C:\Dev\Tracky\tracky\pages\register.vue">
        <metrics statements="1" coveredstatements="0" conditionals="0" coveredconditionals="0" methods="1" coveredmethods="0"/>
        <line num="48" count="0" type="stmt"/>
      </file>
    </package>
  </project>
</coverage>
