{"C:\\Dev\\Tracky\\tracky\\components\\Navbar.vue": {"path":"C:\\Dev\\Tracky\\tracky\\components\\Navbar.vue","statementMap":{"0":{"start":{"line":29,"column":0},"end":{"line":29,"column":null}},"1":{"start":{"line":35,"column":0},"end":{"line":35,"column":null}}},"fnMap":{"0":{"name":"(anonymous_1)","decl":{"start":{"line":28,"column":0},"end":{"line":28,"column":null}},"loc":{"start":{"line":28,"column":0},"end":{"line":32,"column":null}}},"1":{"name":"(anonymous_2)","decl":{"start":{"line":34,"column":0},"end":{"line":34,"column":null}},"loc":{"start":{"line":34,"column":0},"end":{"line":36,"column":null}}}},"branchMap":{},"s":{"0":0,"1":0},"f":{"0":0,"1":0},"b":{}}
,"C:\\Dev\\Tracky\\tracky\\pages\\addworkout.vue": {"path":"C:\\Dev\\Tracky\\tracky\\pages\\addworkout.vue","statementMap":{"0":{"start":{"line":174,"column":0},"end":{"line":174,"column":null}},"1":{"start":{"line":186,"column":0},"end":{"line":186,"column":null}},"2":{"start":{"line":205,"column":0},"end":{"line":210,"column":null}},"3":{"start":{"line":206,"column":0},"end":{"line":206,"column":null}},"4":{"start":{"line":216,"column":0},"end":{"line":216,"column":null}},"5":{"start":{"line":218,"column":0},"end":{"line":218,"column":null}},"6":{"start":{"line":220,"column":0},"end":{"line":228,"column":null}},"7":{"start":{"line":221,"column":0},"end":{"line":221,"column":null}},"8":{"start":{"line":226,"column":0},"end":{"line":226,"column":null}},"9":{"start":{"line":227,"column":0},"end":{"line":227,"column":null}},"10":{"start":{"line":230,"column":0},"end":{"line":230,"column":null}},"11":{"start":{"line":234,"column":0},"end":{"line":243,"column":null}},"12":{"start":{"line":235,"column":0},"end":{"line":235,"column":null}},"13":{"start":{"line":241,"column":0},"end":{"line":241,"column":null}},"14":{"start":{"line":242,"column":0},"end":{"line":242,"column":null}},"15":{"start":{"line":245,"column":0},"end":{"line":245,"column":null}},"16":{"start":{"line":248,"column":0},"end":{"line":248,"column":null}},"17":{"start":{"line":249,"column":0},"end":{"line":249,"column":null}},"18":{"start":{"line":252,"column":0},"end":{"line":252,"column":null}},"19":{"start":{"line":255,"column":0},"end":{"line":255,"column":null}},"20":{"start":{"line":259,"column":0},"end":{"line":263,"column":null}},"21":{"start":{"line":260,"column":0},"end":{"line":260,"column":null}},"22":{"start":{"line":262,"column":0},"end":{"line":262,"column":null}},"23":{"start":{"line":265,"column":0},"end":{"line":265,"column":null}},"24":{"start":{"line":268,"column":0},"end":{"line":268,"column":null}},"25":{"start":{"line":269,"column":0},"end":{"line":269,"column":null}},"26":{"start":{"line":270,"column":0},"end":{"line":270,"column":null}},"27":{"start":{"line":273,"column":0},"end":{"line":273,"column":null}},"28":{"start":{"line":276,"column":0},"end":{"line":276,"column":null}},"29":{"start":{"line":277,"column":0},"end":{"line":277,"column":null}},"30":{"start":{"line":282,"column":0},"end":{"line":286,"column":null}},"31":{"start":{"line":283,"column":0},"end":{"line":283,"column":null}},"32":{"start":{"line":284,"column":0},"end":{"line":286,"column":null}},"33":{"start":{"line":285,"column":0},"end":{"line":285,"column":null}}},"fnMap":{"0":{"name":"(anonymous_1)","decl":{"start":{"line":173,"column":0},"end":{"line":173,"column":null}},"loc":{"start":{"line":173,"column":0},"end":{"line":183,"column":null}}},"1":{"name":"(anonymous_2)","decl":{"start":{"line":185,"column":0},"end":{"line":185,"column":null}},"loc":{"start":{"line":185,"column":0},"end":{"line":211,"column":null}}},"2":{"name":"(anonymous_3)","decl":{"start":{"line":205,"column":0},"end":{"line":205,"column":null}},"loc":{"start":{"line":205,"column":0},"end":{"line":210,"column":null}}},"3":{"name":"(anonymous_4)","decl":{"start":{"line":214,"column":0},"end":{"line":214,"column":null}},"loc":{"start":{"line":214,"column":0},"end":{"line":246,"column":null}}},"4":{"name":"(anonymous_5)","decl":{"start":{"line":216,"column":0},"end":{"line":216,"column":null}},"loc":{"start":{"line":216,"column":0},"end":{"line":216,"column":null}}},"5":{"name":"(anonymous_6)","decl":{"start":{"line":227,"column":0},"end":{"line":227,"column":null}},"loc":{"start":{"line":227,"column":0},"end":{"line":227,"column":null}}},"6":{"name":"(anonymous_7)","decl":{"start":{"line":230,"column":0},"end":{"line":230,"column":null}},"loc":{"start":{"line":230,"column":0},"end":{"line":230,"column":null}}},"7":{"name":"(anonymous_8)","decl":{"start":{"line":247,"column":0},"end":{"line":247,"column":null}},"loc":{"start":{"line":247,"column":0},"end":{"line":250,"column":null}}},"8":{"name":"(anonymous_9)","decl":{"start":{"line":251,"column":0},"end":{"line":251,"column":null}},"loc":{"start":{"line":251,"column":0},"end":{"line":253,"column":null}}},"9":{"name":"(anonymous_10)","decl":{"start":{"line":254,"column":0},"end":{"line":254,"column":null}},"loc":{"start":{"line":254,"column":0},"end":{"line":266,"column":null}}},"10":{"name":"(anonymous_11)","decl":{"start":{"line":255,"column":0},"end":{"line":255,"column":null}},"loc":{"start":{"line":255,"column":0},"end":{"line":255,"column":null}}},"11":{"name":"(anonymous_12)","decl":{"start":{"line":267,"column":0},"end":{"line":267,"column":null}},"loc":{"start":{"line":267,"column":0},"end":{"line":271,"column":null}}},"12":{"name":"(anonymous_13)","decl":{"start":{"line":272,"column":0},"end":{"line":272,"column":null}},"loc":{"start":{"line":272,"column":0},"end":{"line":274,"column":null}}},"13":{"name":"(anonymous_14)","decl":{"start":{"line":275,"column":0},"end":{"line":275,"column":null}},"loc":{"start":{"line":275,"column":0},"end":{"line":278,"column":null}}},"14":{"name":"(anonymous_15)","decl":{"start":{"line":281,"column":0},"end":{"line":281,"column":null}},"loc":{"start":{"line":281,"column":0},"end":{"line":287,"column":null}}}},"branchMap":{"0":{"loc":{"start":{"line":206,"column":0},"end":{"line":206,"column":null}},"type":"binary-expr","locations":[{"start":{"line":206,"column":0},"end":{"line":206,"column":null}},{"start":{"line":206,"column":0},"end":{"line":206,"column":null}}]},"1":{"loc":{"start":{"line":218,"column":0},"end":{"line":218,"column":null}},"type":"if","locations":[{"start":{"line":218,"column":0},"end":{"line":218,"column":null}},{"start":{"line":218,"column":0},"end":{"line":218,"column":null}}]},"2":{"loc":{"start":{"line":218,"column":0},"end":{"line":218,"column":null}},"type":"binary-expr","locations":[{"start":{"line":218,"column":0},"end":{"line":218,"column":null}},{"start":{"line":218,"column":0},"end":{"line":218,"column":null}},{"start":{"line":218,"column":0},"end":{"line":218,"column":null}}]},"3":{"loc":{"start":{"line":220,"column":0},"end":{"line":228,"column":null}},"type":"if","locations":[{"start":{"line":220,"column":0},"end":{"line":228,"column":null}},{"start":{"line":220,"column":0},"end":{"line":228,"column":null}}]},"4":{"loc":{"start":{"line":230,"column":0},"end":{"line":230,"column":null}},"type":"binary-expr","locations":[{"start":{"line":230,"column":0},"end":{"line":230,"column":null}},{"start":{"line":230,"column":0},"end":{"line":230,"column":null}}]},"5":{"loc":{"start":{"line":234,"column":0},"end":{"line":243,"column":null}},"type":"if","locations":[{"start":{"line":234,"column":0},"end":{"line":243,"column":null}},{"start":{"line":234,"column":0},"end":{"line":243,"column":null}}]},"6":{"loc":{"start":{"line":259,"column":0},"end":{"line":263,"column":null}},"type":"if","locations":[{"start":{"line":259,"column":0},"end":{"line":263,"column":null}},{"start":{"line":259,"column":0},"end":{"line":263,"column":null}}]},"7":{"loc":{"start":{"line":273,"column":0},"end":{"line":273,"column":null}},"type":"binary-expr","locations":[{"start":{"line":273,"column":0},"end":{"line":273,"column":null}},{"start":{"line":273,"column":0},"end":{"line":273,"column":null}}]},"8":{"loc":{"start":{"line":282,"column":0},"end":{"line":286,"column":null}},"type":"if","locations":[{"start":{"line":282,"column":0},"end":{"line":286,"column":null}},{"start":{"line":282,"column":0},"end":{"line":286,"column":null}}]},"9":{"loc":{"start":{"line":284,"column":0},"end":{"line":286,"column":null}},"type":"if","locations":[{"start":{"line":284,"column":0},"end":{"line":286,"column":null}},{"start":{"line":284,"column":0},"end":{"line":286,"column":null}}]}},"s":{"0":0,"1":0,"2":0,"3":0,"4":0,"5":0,"6":0,"7":0,"8":0,"9":0,"10":0,"11":0,"12":0,"13":0,"14":0,"15":0,"16":0,"17":0,"18":0,"19":0,"20":0,"21":0,"22":0,"23":0,"24":0,"25":0,"26":0,"27":0,"28":0,"29":0,"30":0,"31":0,"32":0,"33":0},"f":{"0":0,"1":0,"2":0,"3":0,"4":0,"5":0,"6":0,"7":0,"8":0,"9":0,"10":0,"11":0,"12":0,"13":0,"14":0},"b":{"0":[0,0],"1":[0,0],"2":[0,0,0],"3":[0,0],"4":[0,0],"5":[0,0],"6":[0,0],"7":[0,0],"8":[0,0],"9":[0,0]}}
,"C:\\Dev\\Tracky\\tracky\\pages\\index.vue": {"path":"C:\\Dev\\Tracky\\tracky\\pages\\index.vue","statementMap":{"0":{"start":{"line":33,"column":0},"end":{"line":33,"column":null}}},"fnMap":{"0":{"name":"(anonymous_1)","decl":{"start":{"line":32,"column":0},"end":{"line":32,"column":null}},"loc":{"start":{"line":32,"column":0},"end":{"line":41,"column":null}}}},"branchMap":{},"s":{"0":0},"f":{"0":0},"b":{}}
,"C:\\Dev\\Tracky\\tracky\\pages\\register.vue": {"path":"C:\\Dev\\Tracky\\tracky\\pages\\register.vue","statementMap":{"0":{"start":{"line":48,"column":0},"end":{"line":48,"column":null}}},"fnMap":{"0":{"name":"(anonymous_1)","decl":{"start":{"line":47,"column":0},"end":{"line":47,"column":null}},"loc":{"start":{"line":47,"column":0},"end":{"line":62,"column":null}}}},"branchMap":{},"s":{"0":0},"f":{"0":0},"b":{}}
}
