TN:
SF:components\Navbar.vue
FN:28,(anonymous_1)
FN:34,(anonymous_2)
FNF:2
FNH:0
FNDA:0,(anonymous_1)
FNDA:0,(anonymous_2)
DA:29,0
DA:35,0
LF:2
LH:0
BRF:0
BRH:0
end_of_record
TN:
SF:pages\addworkout.vue
FN:173,(anonymous_1)
FN:185,(anonymous_2)
FN:205,(anonymous_3)
FN:214,(anonymous_4)
FN:216,(anonymous_5)
FN:227,(anonymous_6)
FN:230,(anonymous_7)
FN:247,(anonymous_8)
FN:251,(anonymous_9)
FN:254,(anonymous_10)
FN:255,(anonymous_11)
FN:267,(anonymous_12)
FN:272,(anonymous_13)
FN:275,(anonymous_14)
FN:281,(anonymous_15)
FNF:15
FNH:0
FNDA:0,(anonymous_1)
FNDA:0,(anonymous_2)
FNDA:0,(anonymous_3)
FNDA:0,(anonymous_4)
FNDA:0,(anonymous_5)
FNDA:0,(anonymous_6)
FNDA:0,(anonymous_7)
FNDA:0,(anonymous_8)
FNDA:0,(anonymous_9)
FNDA:0,(anonymous_10)
FNDA:0,(anonymous_11)
FNDA:0,(anonymous_12)
FNDA:0,(anonymous_13)
FNDA:0,(anonymous_14)
FNDA:0,(anonymous_15)
DA:174,0
DA:186,0
DA:205,0
DA:206,0
DA:216,0
DA:218,0
DA:220,0
DA:221,0
DA:226,0
DA:227,0
DA:230,0
DA:234,0
DA:235,0
DA:241,0
DA:242,0
DA:245,0
DA:248,0
DA:249,0
DA:252,0
DA:255,0
DA:259,0
DA:260,0
DA:262,0
DA:265,0
DA:268,0
DA:269,0
DA:270,0
DA:273,0
DA:276,0
DA:277,0
DA:282,0
DA:283,0
DA:284,0
DA:285,0
LF:34
LH:0
BRDA:206,0,0,0
BRDA:206,0,1,0
BRDA:218,1,0,0
BRDA:218,1,1,0
BRDA:218,2,0,0
BRDA:218,2,1,0
BRDA:218,2,2,0
BRDA:220,3,0,0
BRDA:220,3,1,0
BRDA:230,4,0,0
BRDA:230,4,1,0
BRDA:234,5,0,0
BRDA:234,5,1,0
BRDA:259,6,0,0
BRDA:259,6,1,0
BRDA:273,7,0,0
BRDA:273,7,1,0
BRDA:282,8,0,0
BRDA:282,8,1,0
BRDA:284,9,0,0
BRDA:284,9,1,0
BRF:21
BRH:0
end_of_record
TN:
SF:pages\index.vue
FN:32,(anonymous_1)
FNF:1
FNH:0
FNDA:0,(anonymous_1)
DA:33,0
LF:1
LH:0
BRF:0
BRH:0
end_of_record
TN:
SF:pages\register.vue
FN:47,(anonymous_1)
FNF:1
FNH:0
FNDA:0,(anonymous_1)
DA:48,0
LF:1
LH:0
BRF:0
BRH:0
end_of_record
